{
  "RSpec": {
    "coverage": {
      "/home/force/Dropbox/code/mingle/app/controllers/application_controller.rb": [
        1,
        1,
        null,
        1,
        1,
        1,
        null,
        null,
        null,
        1,
        1,
        null,
        1,
        null
      ],
      "/home/force/Dropbox/code/mingle/app/helpers/application_helper.rb": [
        1,
        null
      ],
      "/home/force/Dropbox/code/mingle/app/helpers/people_helper.rb": [
        1,
        null
      ],
      "/home/force/Dropbox/code/mingle/app/helpers/sessions_helper.rb": [
        1,
        null
      ],
      "/home/force/Dropbox/code/mingle/app/controllers/people_controller.rb": [
        1,
        null,
        1,
        null,
        null,
        null,
        1,
        0,
        null,
        0,
        0,
        0,
        null,
        null,
        null,
        null,
        null,
        1,
        0,
        null,
        0,
        0,
        0,
        null,
        null,
        null,
        null,
        null,
        1,
        1,
        null,
        1,
        1,
        1,
        null,
        null,
        null,
        null,
        1,
        0,
        null,
        null,
        null,
        null,
        1,
        5,
        null,
        5,
        5,
        0,
        0,
        null,
        10,
        5,
        null,
        null,
        null,
        null,
        null,
        null,
        1,
        0,
        null,
        0,
        0,
        0,
        0,
        null,
        0,
        0,
        null,
        null,
        null,
        null,
        null,
        null,
        1,
        0,
        0,
        null,
        0,
        0,
        0,
        null,
        null,
        null
      ],
      "/home/force/Dropbox/code/mingle/app/models/person.rb": [
        1,
        1,
        1,
        1,
        null
      ],
      "/home/force/Dropbox/code/mingle/app/controllers/sessions_controller.rb": [
        1,
        1,
        null,
        null,
        1,
        0,
        0,
        0,
        0,
        null,
        0,
        0,
        null,
        null,
        null,
        1,
        0,
        0,
        null,
        null
      ],
      "/home/force/Dropbox/code/mingle/app/models/administrator.rb": [
        1,
        1,
        1,
        null
      ]
    },
    "timestamp": 1350337605
  }
}
